<?xml version="1.0" encoding="UTF-8"?>
<testng-results ignored="0" total="1" passed="1" failed="0" skipped="0">
  <reporter-output>
  </reporter-output>
  <suite started-at="2024-01-24T14:12:12 IST" name="Default suite" finished-at="2024-01-24T14:13:05 IST" duration-ms="52677">
    <groups>
    </groups>
    <test started-at="2024-01-24T14:12:12 IST" name="Default test" finished-at="2024-01-24T14:13:05 IST" duration-ms="52677">
      <class name="android.HEMapp">
        <test-method is-config="true" signature="setup()[pri:0, instance:android.HEMapp@2c35e847]" started-at="2024-01-24T14:12:12 IST" name="setup" finished-at="2024-01-24T14:12:45 IST" duration-ms="32967" status="PASS">
          <reporter-output>
          </reporter-output>
        </test-method> <!-- setup -->
        <test-method signature="verifyLoginFeature()[pri:0, instance:android.HEMapp@2c35e847]" started-at="2024-01-24T14:12:45 IST" name="verifyLoginFeature" finished-at="2024-01-24T14:12:54 IST" duration-ms="9101" status="PASS">
          <reporter-output>
          </reporter-output>
        </test-method> <!-- verifyLoginFeature -->
        <test-method is-config="true" signature="teardown()[pri:0, instance:android.HEMapp@2c35e847]" started-at="2024-01-24T14:12:54 IST" name="teardown" finished-at="2024-01-24T14:13:05 IST" duration-ms="10572" status="PASS">
          <reporter-output>
          </reporter-output>
        </test-method> <!-- teardown -->
      </class> <!-- android.HEMapp -->
    </test> <!-- Default test -->
  </suite> <!-- Default suite -->
</testng-results>
